<?xml version="1.0" encoding="UTF-8"?>
<testng-results ignored="0" total="2" passed="2" failed="0" skipped="0">
  <reporter-output>
  </reporter-output>
  <suite started-at="2026-03-10T10:54:02 IST" name="Suite" finished-at="2026-03-10T10:54:38 IST" duration-ms="35993">
    <groups>
    </groups>
    <test started-at="2026-03-10T10:54:02 IST" name="Test" finished-at="2026-03-10T10:54:38 IST" duration-ms="35993">
      <class name="AutomationWeb.ValidateWebApp">
        <test-method signature="test()[pri:0, instance:AutomationWeb.ValidateWebApp@34a3d150]" started-at="2026-03-10T10:54:02 IST" name="test" finished-at="2026-03-10T10:54:18 IST" duration-ms="15663" status="PASS">
          <reporter-output>
          </reporter-output>
        </test-method> <!-- test -->
      </class> <!-- AutomationWeb.ValidateWebApp -->
      <class name="AutomationWeb.ValidateHomePage">
        <test-method signature="test()[pri:0, instance:AutomationWeb.ValidateHomePage@4d5d943d]" started-at="2026-03-10T10:54:18 IST" name="test" finished-at="2026-03-10T10:54:38 IST" duration-ms="20043" status="PASS">
          <reporter-output>
          </reporter-output>
        </test-method> <!-- test -->
      </class> <!-- AutomationWeb.ValidateHomePage -->
    </test> <!-- Test -->
  </suite> <!-- Suite -->
</testng-results>
